d:\developing_projects\gameengine2\gameengine2\debug\vc143.pdb
d:\developing_projects\gameengine2\gameengine2\debug\vc143.idb
d:\developing_projects\gameengine2\gameengine2\debug\shader.obj
d:\developing_projects\gameengine2\gameengine2\debug\scenecheckerboards.obj
d:\developing_projects\gameengine2\gameengine2\debug\scenebouncingballs.obj
d:\developing_projects\gameengine2\gameengine2\debug\sceneballgame.obj
d:\developing_projects\gameengine2\gameengine2\debug\scene.obj
d:\developing_projects\gameengine2\gameengine2\debug\renderer.obj
d:\developing_projects\gameengine2\gameengine2\debug\matrix4.obj
d:\developing_projects\gameengine2\gameengine2\debug\main.obj
d:\developing_projects\gameengine2\gameengine2\debug\logmanager.obj
d:\developing_projects\gameengine2\gameengine2\debug\inputsystem.obj
d:\developing_projects\gameengine2\gameengine2\debug\imgui_widgets.obj
d:\developing_projects\gameengine2\gameengine2\debug\imgui_tables.obj
d:\developing_projects\gameengine2\gameengine2\debug\imgui_impl_sdl2.obj
d:\developing_projects\gameengine2\gameengine2\debug\imgui_impl_opengl3.obj
d:\developing_projects\gameengine2\gameengine2\debug\imgui_draw.obj
d:\developing_projects\gameengine2\gameengine2\debug\imgui_demo.obj
d:\developing_projects\gameengine2\gameengine2\debug\imgui.obj
d:\developing_projects\gameengine2\gameengine2\debug\game.obj
d:\developing_projects\gameengine2\gameengine2\debug\ball.obj
d:\developing_projects\gameengine2\gameengine2\debug\animatedsprite.obj
d:\developing_projects\gameengine2\gameengine2\debug\vertexarray.obj
d:\developing_projects\gameengine2\gameengine2\debug\vector2.obj
d:\developing_projects\gameengine2\gameengine2\debug\texturemanager.obj
d:\developing_projects\gameengine2\gameengine2\debug\texture.obj
d:\developing_projects\gameengine2\gameengine2\debug\sprite.obj
d:\developing_projects\gameengine2\debug\gameengine2_debug.exe
d:\developing_projects\gameengine2\debug\gameengine2_debug.pdb
d:\developing_projects\gameengine2\gameengine2\debug\gameengine2_debug.ilk
d:\developing_projects\gameengine2\gameengine2\debug\gameengine2.tlog\cl.command.1.tlog
d:\developing_projects\gameengine2\gameengine2\debug\gameengine2.tlog\cl.items.tlog
d:\developing_projects\gameengine2\gameengine2\debug\gameengine2.tlog\cl.read.1.tlog
d:\developing_projects\gameengine2\gameengine2\debug\gameengine2.tlog\cl.write.1.tlog
d:\developing_projects\gameengine2\gameengine2\debug\gameengine2.tlog\link.command.1.tlog
d:\developing_projects\gameengine2\gameengine2\debug\gameengine2.tlog\link.read.1.tlog
d:\developing_projects\gameengine2\gameengine2\debug\gameengine2.tlog\link.secondary.1.tlog
d:\developing_projects\gameengine2\gameengine2\debug\gameengine2.tlog\link.write.1.tlog
