  Bullet.cpp
  Enemy.cpp
D:\Developing_Projects\GameEngine2\Bullet.cpp(27,25): warning C4305: 'argument': truncation from 'double' to 'float'
D:\Developing_Projects\GameEngine2\Bullet.cpp(38,26): warning C4244: 'initializing': conversion from 'double' to 'float', possible loss of data
D:\Developing_Projects\GameEngine2\Bullet.cpp(48,31): warning C4244: 'argument': conversion from 'float' to 'int', possible loss of data
D:\Developing_Projects\GameEngine2\Bullet.cpp(49,31): warning C4244: 'argument': conversion from 'float' to 'int', possible loss of data
D:\Developing_Projects\GameEngine2\Bullet.cpp(69,34): warning C4244: 'return': conversion from 'int' to 'float', possible loss of data
D:\Developing_Projects\GameEngine2\Enemy.cpp(42,28): warning C4244: 'argument': conversion from 'int' to 'float', possible loss of data
D:\Developing_Projects\GameEngine2\Enemy.cpp(42,23): warning C4244: 'argument': conversion from 'int' to 'float', possible loss of data
D:\Developing_Projects\GameEngine2\Enemy.cpp(67,25): warning C4244: 'initializing': conversion from 'double' to 'float', possible loss of data
D:\Developing_Projects\GameEngine2\Enemy.cpp(125,24): warning C4244: 'initializing': conversion from 'double' to 'float', possible loss of data
  Entity.cpp
D:\Developing_Projects\GameEngine2\Entity.cpp(38,9): warning C4102: 'print': unreferenced label
D:\Developing_Projects\GameEngine2\Entity.cpp(89,35): warning C4244: 'argument': conversion from 'double' to 'float', possible loss of data
D:\Developing_Projects\GameEngine2\Entity.cpp(89,23): warning C4244: 'argument': conversion from 'double' to 'float', possible loss of data
  TankGame.cpp
D:\Developing_Projects\GameEngine2\TankGame.cpp(160,24): warning C4244: 'initializing': conversion from 'double' to 'float', possible loss of data
  game.cpp
D:\Developing_Projects\GameEngine2\game.cpp(199,93): warning C4018: '<': signed/unsigned mismatch
  Generating code
  Previous IPDB and IOBJ mismatch, fall back to full compilation.
  All 2500 functions were compiled because no usable IPDB/IOBJ from previous compilation was found.
  Finished generating code
  GameEngine2.vcxproj -> D:\Developing_Projects\GameEngine2\Release\GameEngine2_Released.exe
