d:\developing_projects\gameengine2\gameengine2\release\vc143.pdb
d:\developing_projects\gameengine2\gameengine2\release\renderer.obj
d:\developing_projects\gameengine2\gameengine2\release\matrix4.obj
d:\developing_projects\gameengine2\gameengine2\release\main.obj
d:\developing_projects\gameengine2\gameengine2\release\lose.obj
d:\developing_projects\gameengine2\gameengine2\release\logmanager.obj
d:\developing_projects\gameengine2\gameengine2\release\instructionscene.obj
d:\developing_projects\gameengine2\gameengine2\release\inputsystem.obj
d:\developing_projects\gameengine2\gameengine2\release\imgui_widgets.obj
d:\developing_projects\gameengine2\gameengine2\release\imgui_tables.obj
d:\developing_projects\gameengine2\gameengine2\release\imgui_impl_sdl2.obj
d:\developing_projects\gameengine2\gameengine2\release\imgui_impl_opengl3.obj
d:\developing_projects\gameengine2\gameengine2\release\imgui_draw.obj
d:\developing_projects\gameengine2\gameengine2\release\imgui_demo.obj
d:\developing_projects\gameengine2\gameengine2\release\imgui.obj
d:\developing_projects\gameengine2\gameengine2\release\game.obj
d:\developing_projects\gameengine2\gameengine2\release\entity.obj
d:\developing_projects\gameengine2\gameengine2\release\enemy.obj
d:\developing_projects\gameengine2\gameengine2\release\bullet.obj
d:\developing_projects\gameengine2\gameengine2\release\ball.obj
d:\developing_projects\gameengine2\gameengine2\release\animatedsprite.obj
d:\developing_projects\gameengine2\gameengine2\release\win.obj
d:\developing_projects\gameengine2\gameengine2\release\vertexarray.obj
d:\developing_projects\gameengine2\gameengine2\release\vector2.obj
d:\developing_projects\gameengine2\gameengine2\release\titlescene.obj
d:\developing_projects\gameengine2\gameengine2\release\texturemanager.obj
d:\developing_projects\gameengine2\gameengine2\release\texture.obj
d:\developing_projects\gameengine2\gameengine2\release\tankgame.obj
d:\developing_projects\gameengine2\gameengine2\release\sprite.obj
d:\developing_projects\gameengine2\gameengine2\release\soundsystem.obj
d:\developing_projects\gameengine2\gameengine2\release\shader.obj
d:\developing_projects\gameengine2\gameengine2\release\scenecheckerboards.obj
d:\developing_projects\gameengine2\gameengine2\release\scenebouncingballs.obj
d:\developing_projects\gameengine2\gameengine2\release\sceneballgame.obj
d:\developing_projects\gameengine2\gameengine2\release\scene.obj
d:\developing_projects\gameengine2\release\gameengine2_released.exe
d:\developing_projects\gameengine2\release\gameengine2_released.pdb
d:\developing_projects\gameengine2\gameengine2\release\gameengine2_released.ipdb
d:\developing_projects\gameengine2\gameengine2\release\gameengine2_released.iobj
d:\developing_projects\gameengine2\gameengine2\release\gameengine2.tlog\cl.command.1.tlog
d:\developing_projects\gameengine2\gameengine2\release\gameengine2.tlog\cl.items.tlog
d:\developing_projects\gameengine2\gameengine2\release\gameengine2.tlog\cl.read.1.tlog
d:\developing_projects\gameengine2\gameengine2\release\gameengine2.tlog\cl.write.1.tlog
d:\developing_projects\gameengine2\gameengine2\release\gameengine2.tlog\link.command.1.tlog
d:\developing_projects\gameengine2\gameengine2\release\gameengine2.tlog\link.read.1.tlog
d:\developing_projects\gameengine2\gameengine2\release\gameengine2.tlog\link.secondary.1.tlog
d:\developing_projects\gameengine2\gameengine2\release\gameengine2.tlog\link.write.1.tlog
